TN:
SF:/Users/e/Dropbox/programming/people-of-cl/src/App.tsx
FN:23,App
FN:41,Generator
FN:54,(anonymous_2)
FN:103,BasicInfoCard
FN:120,CharacteristicsCard
FN:136,SkillsCard
FN:148,CareerCard
FN:162,HistoryCard
FN:172,PossessionsCard
FN:185,NameStep
FN:200,(anonymous_10)
FN:211,CharacteristicsStep
FN:295,DiceIcon
FN:300,throw2d
FNF:14
FNH:1
FNDA:2,App
FNDA:0,Generator
FNDA:0,(anonymous_2)
FNDA:0,BasicInfoCard
FNDA:0,CharacteristicsCard
FNDA:0,SkillsCard
FNDA:0,CareerCard
FNDA:0,HistoryCard
FNDA:0,PossessionsCard
FNDA:0,NameStep
FNDA:0,(anonymous_10)
FNDA:0,CharacteristicsStep
FNDA:0,DiceIcon
FNDA:0,throw2d
DA:24,2
DA:44,0
DA:52,0
DA:54,0
DA:55,0
DA:59,0
DA:60,0
DA:61,0
DA:64,0
DA:108,0
DA:121,0
DA:137,0
DA:149,0
DA:163,0
DA:173,0
DA:191,0
DA:192,0
DA:200,0
DA:208,0
DA:215,0
DA:216,0
DA:217,0
DA:283,0
DA:286,1
DA:297,0
DA:301,0
DA:303,0
DA:304,0
DA:309,0
LF:29
LH:2
BRDA:191,0,0,0
BRDA:191,0,1,0
BRDA:215,1,0,0
BRDA:215,1,1,0
BRF:4
BRH:0
end_of_record
TN:
SF:/Users/e/Dropbox/programming/people-of-cl/src/index.tsx
FNF:0
FNH:0
DA:8,0
DA:18,0
LF:2
LH:0
BRF:0
BRH:0
end_of_record
TN:
SF:/Users/e/Dropbox/programming/people-of-cl/src/serviceWorker.js
FN:23,register
FN:34,(anonymous_1)
FN:43,(anonymous_2)
FN:57,registerValidSW
FN:60,(anonymous_4)
FN:61,(anonymous_5)
FN:66,(anonymous_6)
FN:96,(anonymous_7)
FN:101,checkValidServiceWorker
FN:106,(anonymous_9)
FN:114,(anonymous_10)
FN:115,(anonymous_11)
FN:124,(anonymous_12)
FN:131,unregister
FN:134,(anonymous_14)
FN:137,(anonymous_15)
FNF:16
FNH:0
FNDA:0,register
FNDA:0,(anonymous_1)
FNDA:0,(anonymous_2)
FNDA:0,registerValidSW
FNDA:0,(anonymous_4)
FNDA:0,(anonymous_5)
FNDA:0,(anonymous_6)
FNDA:0,(anonymous_7)
FNDA:0,checkValidServiceWorker
FNDA:0,(anonymous_9)
FNDA:0,(anonymous_10)
FNDA:0,(anonymous_11)
FNDA:0,(anonymous_12)
FNDA:0,unregister
FNDA:0,(anonymous_14)
FNDA:0,(anonymous_15)
DA:13,0
DA:24,0
DA:26,0
DA:27,0
DA:31,0
DA:34,0
DA:35,0
DA:37,0
DA:39,0
DA:43,0
DA:44,0
DA:51,0
DA:58,0
DA:61,0
DA:62,0
DA:63,0
DA:64,0
DA:66,0
DA:67,0
DA:68,0
DA:72,0
DA:78,0
DA:79,0
DA:85,0
DA:88,0
DA:89,0
DA:97,0
DA:103,0
DA:108,0
DA:109,0
DA:114,0
DA:115,0
DA:116,0
DA:121,0
DA:125,0
DA:132,0
DA:133,0
DA:135,0
DA:138,0
LF:39
LH:0
BRDA:14,0,0,0
BRDA:14,0,1,0
BRDA:14,0,2,0
BRDA:24,1,0,0
BRDA:24,1,1,0
BRDA:24,2,0,0
BRDA:24,2,1,0
BRDA:27,3,0,0
BRDA:27,3,1,0
BRDA:37,4,0,0
BRDA:37,4,1,0
BRDA:63,5,0,0
BRDA:63,5,1,0
BRDA:67,6,0,0
BRDA:67,6,1,0
BRDA:68,7,0,0
BRDA:68,7,1,0
BRDA:78,8,0,0
BRDA:78,8,1,0
BRDA:78,9,0,0
BRDA:78,9,1,0
BRDA:88,10,0,0
BRDA:88,10,1,0
BRDA:88,11,0,0
BRDA:88,11,1,0
BRDA:109,12,0,0
BRDA:109,12,1,0
BRDA:110,13,0,0
BRDA:110,13,1,0
BRDA:110,13,2,0
BRDA:132,14,0,0
BRDA:132,14,1,0
BRF:32
BRH:0
end_of_record
